<?xml version="1.0" encoding="UTF-8"?>
<testsuite xmlns:xsi="http://www.w3.org/2001/XMLSchema-instance" xsi:noNamespaceSchemaLocation="https://maven.apache.org/surefire/maven-surefire-plugin/xsd/surefire-test-report-3.0.xsd" version="3.0" name="com.formation.test.Tests2" time="0.002" tests="3" errors="0" skipped="0" failures="0">
  <properties>
    <property name="sun.desktop" value="windows"/>
    <property name="awt.toolkit" value="sun.awt.windows.WToolkit"/>
    <property name="java.specification.version" value="11"/>
    <property name="sun.cpu.isalist" value="amd64"/>
    <property name="sun.jnu.encoding" value="Cp1252"/>
    <property name="java.class.path" value="D:\AA\Pro\MonCatalogue\Jenkins\workspace\Project_SonarQube_Jenkins\target\test-classes;D:\AA\Pro\MonCatalogue\Jenkins\workspace\Project_SonarQube_Jenkins\target\classes;C:\Users\Jean\.m2\repository\junit\junit\4.12\junit-4.12.jar;C:\Users\Jean\.m2\repository\org\hamcrest\hamcrest-core\1.3\hamcrest-core-1.3.jar;"/>
    <property name="java.vm.vendor" value="Oracle Corporation"/>
    <property name="sun.arch.data.model" value="64"/>
    <property name="user.variant" value=""/>
    <property name="java.vendor.url" value="https://openjdk.java.net/"/>
    <property name="user.timezone" value="Europe/Paris"/>
    <property name="java.vm.specification.version" value="11"/>
    <property name="os.name" value="Windows 10"/>
    <property name="sun.java.launcher" value="SUN_STANDARD"/>
    <property name="user.country" value="FR"/>
    <property name="sun.boot.library.path" value="D:\AA\Pro\Progs\Java11_JDK\bin"/>
    <property name="sun.java.command" value="C:\Users\Jean\AppData\Local\Temp\surefire4305559749115041309\surefirebooter12897254856373162060.jar C:\Users\Jean\AppData\Local\Temp\surefire4305559749115041309 2022-01-06T00-22-38_347-jvmRun1 surefire9802849493066766208tmp surefire_015701338275326842376tmp"/>
    <property name="jdk.debug" value="release"/>
    <property name="surefire.test.class.path" value="D:\AA\Pro\MonCatalogue\Jenkins\workspace\Project_SonarQube_Jenkins\target\test-classes;D:\AA\Pro\MonCatalogue\Jenkins\workspace\Project_SonarQube_Jenkins\target\classes;C:\Users\Jean\.m2\repository\junit\junit\4.12\junit-4.12.jar;C:\Users\Jean\.m2\repository\org\hamcrest\hamcrest-core\1.3\hamcrest-core-1.3.jar;"/>
    <property name="sun.cpu.endian" value="little"/>
    <property name="user.home" value="C:\Users\Jean"/>
    <property name="user.language" value="fr"/>
    <property name="java.specification.vendor" value="Oracle Corporation"/>
    <property name="java.version.date" value="2020-04-14"/>
    <property name="java.home" value="D:\AA\Pro\Progs\Java11_JDK"/>
    <property name="file.separator" value="\"/>
    <property name="basedir" value="D:\AA\Pro\MonCatalogue\Jenkins\workspace\Project_SonarQube_Jenkins"/>
    <property name="java.vm.compressedOopsMode" value="Zero based"/>
    <property name="line.separator" value="&#10;"/>
    <property name="java.specification.name" value="Java Platform API Specification"/>
    <property name="java.vm.specification.vendor" value="Oracle Corporation"/>
    <property name="java.awt.graphicsenv" value="sun.awt.Win32GraphicsEnvironment"/>
    <property name="surefire.real.class.path" value="C:\Users\Jean\AppData\Local\Temp\surefire4305559749115041309\surefirebooter12897254856373162060.jar"/>
    <property name="user.script" value=""/>
    <property name="sun.management.compiler" value="HotSpot 64-Bit Tiered Compilers"/>
    <property name="java.runtime.version" value="11.0.7+8-LTS"/>
    <property name="user.name" value="Jean"/>
    <property name="path.separator" value=";"/>
    <property name="os.version" value="10.0"/>
    <property name="java.runtime.name" value="Java(TM) SE Runtime Environment"/>
    <property name="file.encoding" value="Cp1252"/>
    <property name="java.vm.name" value="Java HotSpot(TM) 64-Bit Server VM"/>
    <property name="java.vendor.version" value="18.9"/>
    <property name="localRepository" value="C:\Users\Jean\.m2\repository"/>
    <property name="java.vendor.url.bug" value="https://bugreport.java.com/bugreport/"/>
    <property name="java.io.tmpdir" value="C:\Users\Jean\AppData\Local\Temp\"/>
    <property name="java.version" value="11.0.7"/>
    <property name="user.dir" value="D:\AA\Pro\MonCatalogue\Jenkins\workspace\Project_SonarQube_Jenkins"/>
    <property name="os.arch" value="amd64"/>
    <property name="java.vm.specification.name" value="Java Virtual Machine Specification"/>
    <property name="java.awt.printerjob" value="sun.awt.windows.WPrinterJob"/>
    <property name="sun.os.patch.level" value=""/>
    <property name="java.library.path" value="D:\AA\Pro\Progs\Java11_JDK\bin;C:\WINDOWS\Sun\Java\bin;C:\WINDOWS\system32;C:\WINDOWS;C:\Windows\System32;C:\Program Files (x86)\Intel\iCLS Client\;C:\Program Files\Intel\iCLS Client\;C:\WINDOWS\system32;C:\WINDOWS;C:\WINDOWS\System32\Wbem;C:\WINDOWS\System32\WindowsPowerShell\v1.0\;C:\Program Files (x86)\Intel\Intel(R) Management Engine Components\DAL;C:\Program Files\Intel\Intel(R) Management Engine Components\DAL;C:\Program Files (x86)\Intel\Intel(R) Management Engine Components\IPT;C:\Program Files\Intel\Intel(R) Management Engine Components\IPT;C:\Program Files\Intel\WiFi\bin\;C:\Program Files\Common Files\Intel\WirelessCommon\;D:\AA\Pro\Servers\MongoDB346\bin;D:\AA\Pro\Progs\NodeJs;D:\AA\Pro\Progs\Android\sdk\tools;D:\AA\Pro\Progs\Android\sdk\platform-tools;D:\AA\Pro\Progs\curl-7.59.0\src;D:\AA\Pro\Servers\logstash-6.2.4\bin;C:\WINDOWS\System32\OpenSSH\;D:\AA\Pro\Progs\scala-2.11.12\bin;D:\AA\Pro\Progs\spark-2.3.0\bin;D:\AA\Pro\Progs\winutils\bin;D:\AA\Pro\Progs\sbt-1.1.6\sbt\bin;D:\AA\Pro\Progs\Android\AndroidStudio\gradle\gradle-3.2\bin;D:\AA\Pro\Progs\nodejs\;D:\AA\Pro\Progs\apache-maven-3.3.9\bin;D:\AA\Pro\Progs\Perforce\;D:\AA\Pro\Progs\kubernetes\;D:\AA\Pro\Progs\kubernetes\windows-amd64;D:\AA\Pro\Servers\zookeeper-3.4.10\bin;C:\Program Files (x86)\Microsoft VS Code\bin;D:\AA\Pro\Progs\Putty072\;D:\AA\Pro\Progs\HashiCorp\Vagrant\bin;D:\AA\Pro\Servers\sonarqube-6.7.7\bin;D:\AA\Pro\Progs\Amazon\AWSCLIV2\;C:\Program Files\MySQL\MySQL Shell 8.0\bin\;D:\AA\Pro\Progs\Python38\Scripts\;D:\AA\Pro\Progs\Python38\;C:\Users\Jean\AppData\Local\Microsoft\WindowsApps;D:\AA\Pro\Progs\Java11_JDK\bin;D:\AA\Pro\Progs\Microsoft VS Code\bin;C:\Users\Jean\AppData\Roaming\npm;D:\AA\Pro\Progs\Git\cmd;D:\AA\Pro\Progs\Android\AndroidStudio\gradle\gradle-3.2;C:\Users\Jean\AppData\Roaming\npm;D:\AA\Pro\Progs\Git\usr\bin;D:\AA\Pro\Progs\sonar-scanner-4.3.0.2102-windows\bin;D:\AA\Pro\Progs\env\terraform;."/>
    <property name="java.vendor" value="Oracle Corporation"/>
    <property name="java.vm.info" value="mixed mode"/>
    <property name="java.vm.version" value="11.0.7+8-LTS"/>
    <property name="sun.io.unicode.encoding" value="UnicodeLittle"/>
    <property name="java.class.version" value="55.0"/>
  </properties>
  <testcase name="testIllegalCalculateAmount" classname="com.formation.test.Tests2" time="0"/>
  <testcase name="testCalculate" classname="com.formation.test.Tests2" time="0"/>
  <testcase name="testIllegalCalculateYear" classname="com.formation.test.Tests2" time="0"/>
</testsuite>